app/build/outputs/mapping/release/seeds.txt
com.funny.translation.R$styleable: int Preference_iconSpaceReserved
com.funny.translation.R$styleable: int RecyclerView_android_descendantFocusability
com.funny.translation.R$styleable: int GradientColor_android_centerColor
com.funny.translation.R$styleable: int SearchView_commitIcon
com.funny.translation.R$styleable: int AnimatedStateListDrawableItem_android_drawable
com.funny.translation.FunnyApplication
com.funny.translation.R$styleable: int ActionBar_contentInsetStart
com.funny.translation.R$styleable: int Toolbar_titleMarginBottom
com.funny.translation.R$styleable: int FontFamilyFont_ttcIndex
com.funny.translation.R$styleable: int FontFamilyFont_android_fontStyle
com.funny.translation.R$styleable: int AppCompatTextView_autoSizeTextType
com.funny.translation.R$styleable: int SwitchCompat_switchTextAppearance
com.funny.translation.R$styleable: int AppCompatTheme_textAppearanceListItemSmall
com.funny.translation.R$styleable: int AlertDialog_buttonIconDimen
com.funny.translation.R$styleable: int DrawerArrowToggle_barLength
com.funny.translation.R$styleable: int AppCompatSeekBar_tickMarkTint
com.funny.translation.R$styleable: int ArcProgress_arc_max
com.funny.translation.R$styleable: int AppCompatTheme_dividerVertical
com.funny.translation.R$styleable: int DonutProgress_donut_inner_drawable
com.funny.translation.R$styleable: int Spinner_android_dropDownWidth
com.funny.translation.R$styleable: int ButtonBarLayout_allowStacking
com.funny.translation.R$styleable: int AnimatedStateListDrawableTransition_android_fromId
com.funny.translation.R$styleable: int AppCompatTheme_listPopupWindowStyle
com.funny.translation.R$styleable: int MenuItem_actionProviderClass
com.funny.translation.R$styleable: int SeekBarPreference_seekBarIncrement
com.funny.translation.R$styleable: int AppCompatTheme_buttonBarButtonStyle
com.funny.translation.R$styleable: int LinearLayoutCompat_android_baselineAlignedChildIndex
com.funny.translation.R$styleable: int ViewBackgroundHelper_backgroundTintMode
com.funny.translation.R$styleable: int DialogPreference_dialogLayout
com.funny.translation.R$styleable: int ActionMenuItemView_android_minWidth
com.funny.translation.R$styleable: int AppCompatTheme_dropdownListPreferredItemHeight
com.funny.translation.R$styleable: int PreferenceTheme_preferenceScreenStyle
com.funny.translation.R$styleable: int AppCompatTextView_fontFamily
com.funny.translation.R$styleable: int CardView_android_minWidth
com.funny.translation.R$styleable: int DrawerArrowToggle_arrowHeadLength
com.funny.translation.R$styleable: int MultiSelectListPreference_android_entryValues
com.funny.translation.R$styleable: int MenuGroup_android_orderInCategory
com.funny.translation.R$styleable: int PreferenceTheme_preferenceFragmentStyle
com.funny.translation.R$styleable: int CheckBoxPreference_android_summaryOff
com.funny.translation.R$styleable: int ActivityChooserView_initialActivityCount
com.funny.translation.R$styleable: int[] ArcProgress
com.funny.translation.R$styleable: int AppCompatTheme_editTextBackground
com.funny.translation.R$styleable: int Preference_summary
com.funny.translation.R$styleable: int AppCompatTheme_android_windowIsFloating
com.funny.translation.R$styleable: int SwitchPreferenceCompat_summaryOff
com.funny.translation.widget.LanguageRecyclerView: LanguageRecyclerView(android.content.Context,android.util.AttributeSet)
com.funny.translation.R$styleable: int ArcProgress_arc_bottom_text
com.funny.translation.R$styleable: int TextAppearance_android_shadowDy
com.funny.translation.R$styleable: int Preference_android_iconSpaceReserved
com.funny.translation.R$styleable: int AppCompatTheme_listPreferredItemHeightSmall
com.funny.translation.R$styleable: int FontFamilyFont_fontWeight
com.funny.translation.R$styleable: int DialogPreference_android_dialogLayout
com.funny.translation.R$styleable: int AppCompatTheme_borderlessButtonStyle
...
com.github.lzyzsd.circleprogress.DonutProgress: java.lang.String getPrefixText()
android.support.v7.preference.DialogPreference: DialogPreference(android.content.Context,android.util.AttributeSet,int,int)
android.support.v7.widget.RecyclerView: void setItemViewCacheSize(int)
com.billy.android.swipe.SmartSwipeWrapper: void onLayout(boolean,int,int,int,int)
android.support.v7.preference.R$styleable: int PreferenceTheme_preferenceTheme
android.support.v7.view.menu.ExpandedMenuView: int getWindowAnimations()
android.support.v7.preference.R$attr: int entries
android.support.v7.appcompat.R$styleable: int AppCompatImageView_android_src
android.support.v7.preference.R$attr: int goIcon
android.support.v7.appcompat.R$styleable: int AppCompatTheme_textAppearanceListItemSecondary
android.support.v7.appcompat.R$id: int title_template
android.support.v7.preference.R$style: int Widget_AppCompat_Light_ActionButton
android.support.v7.recyclerview.R$id: int top
android.support.v7.preference.R$attr: int dropDownListViewStyle
android.support.v7.preference.R$style: int Base_V26_Theme_AppCompat_Light
android.support.v7.appcompat.R$attr: int buttonGravity
android.support.v7.widget.SearchView: int getSuggestionCommitIconResId()
android.support.coordinatorlayout.R$attr: int layout_dodgeInsetEdges
android.support.compat.R$styleable: int FontFamilyFont_android_fontStyle
com.billy.android.swipe.SmartSwipeWrapper: int[] mParentOffsetInWindow
android.support.v7.widget.AppCompatSeekBar
android.support.v7.appcompat.R$id: int content
android.support.v7.appcompat.R$style: int TextAppearance_AppCompat_Widget_ActionMode_Title
android.support.v7.appcompat.R$color: int bright_foreground_inverse_material_dark
android.support.v7.appcompat.R$styleable: int[] ViewBackgroundHelper
android.support.v7.appcompat.R$styleable: int MenuItem_showAsAction
android.support.v7.preference.R$styleable: int TextAppearance_fontFamily
android.support.v7.appcompat.R$dimen: int abc_select_dialog_padding_start_material
android.support.compat.R$id: int icon
android.support.v7.preference.R$string: int abc_font_family_caption_material
android.support.v7.appcompat.R$styleable: int AppCompatTextHelper_android_drawableEnd
android.support.v7.appcompat.R$styleable: int GradientColor_android_endX
android.support.v7.appcompat.R$id: int action_mode_bar_stub
android.support.v7.preference.R$drawable: int abc_textfield_search_default_mtrl_alpha
android.support.v7.preference.R$styleable: int AppCompatTheme_colorBackgroundFloating
android.support.v7.app.AppCompatActivity
com.billy.android.swipe.R$styleable: int SmartSwipeWrapper_Layout_swipe_gravity
android.support.v7.widget.ActivityChooserView: void setOnDismissListener(android.widget.PopupWindow$OnDismissListener)
android.support.v7.preference.ListPreference: ListPreference(android.content.Context)
android.support.v7.preference.R$styleable: int Toolbar_android_minHeight
android.support.v7.appcompat.R$style: int Base_TextAppearance_AppCompat_Body2
android.support.v7.preference.R$styleable: int GradientColor_android_centerY
android.support.v7.preference.R$attr: int homeAsUpIndicator
android.support.v7.appcompat.R$drawable: int abc_text_select_handle_left_mtrl_light
android.support.v7.preference.R$style: int PreferenceFragmentList
android.support.v7.preference.R$drawable: int abc_list_pressed_holo_light
android.support.v7.preference.R$attr: int actionBarSize
android.support.v7.preference.R$attr: int subtitle
android.support.v7.preference.R$id: int notification_main_column_container
android.support.v7.widget.AppCompatAutoCompleteTextView: void setBackgroundDrawable(android.graphics.drawable.Drawable)
android.support.v7.preference.R$styleable: int RecyclerView_fastScrollHorizontalThumbDrawable
android.support.v7.appcompat.R$color: int switch_thumb_material_light
android.support.v7.appcompat.R$styleable: int[] SwitchCompat
android.support.v7.preference.R$styleable: int AppCompatTheme_panelMenuListTheme