app/build/outputs/mapping/release/mapping.txt
# compiler: R8
# compiler_version: 2.0.88
# min_api: 19
# pg_map_id: 6067e81
# common_typos_disable
com.funny.translation.BaseActivity -> com.funny.translation.a:
    void moveToActivity(java.lang.Class) -> B
    void moveToActivityForResult(java.lang.Class,android.content.Intent,int) -> C
com.funny.translation.ErrorDialogActivity -> com.funny.translation.ErrorDialogActivity:
    void access$000(com.funny.translation.ErrorDialogActivity) -> D
    void destroy() -> E
com.funny.translation.ErrorDialogActivity$1 -> com.funny.translation.ErrorDialogActivity$a:
    com.funny.translation.ErrorDialogActivity this$0 -> b
com.funny.translation.ErrorDialogActivity$2 -> com.funny.translation.ErrorDialogActivity$b:
    com.funny.translation.ErrorDialogActivity this$0 -> c
    java.lang.String val$crashMessage -> b
com.funny.translation.FeedbackActivity -> com.funny.translation.FeedbackActivity:
    android.webkit.WebView webView -> p
com.funny.translation.FunnyApplication -> com.funny.translation.FunnyApplication:
    com.funny.translation.FunnyApplication funnyApplication -> c
    com.danikula.videocache.HttpProxyCacheServer proxy -> b
    android.content.Context context -> d
    android.content.Context getFunnyContext() -> a
    com.funny.translation.FunnyApplication getInstance() -> b
    android.content.pm.PackageInfo getLocalPackageInfo() -> c
    com.danikula.videocache.HttpProxyCacheServer getProxy(android.content.Context) -> d
    com.danikula.videocache.HttpProxyCacheServer newProxy() -> e
com.funny.translation.FunnyApplication$FunnyFileNameGenerator -> com.funny.translation.FunnyApplication$a:
    java.lang.String generate(java.lang.String) -> a
com.funny.translation.MainActivity -> com.funny.translation.MainActivity:
    com.funny.translation.widget.WordCompleteAdapter wordCompleteAdapter -> P
    android.widget.Button translateButton -> w
    android.support.v7.widget.RecyclerView outputRecyclerView -> t
    android.os.Handler handler -> R
    android.widget.ImageButton exchangeButton -> x
    java.util.ArrayList sourceList -> F
    android.support.v7.app.AlertDialog translatingProgressDialog -> V
    boolean isBackground -> X
    com.funny.translation.widget.ResultItemDecoration itemDecoration -> v
    com.billy.android.swipe.consumer.DrawerConsumer rightDrawerConsumer -> K
    com.funny.translation.widget.LanguageRecyclerView rightModeRv -> D
    java.util.ArrayList tasks -> N
    com.funny.translation.widget.LanguageRecyclerView rightEngineRv -> B
    java.lang.String TAG -> Y
    com.funny.translation.db.DBEnglishWords dbEnglishWords -> S
    com.funny.translation.widget.ResultAdapter resultAdapter -> O
    java.util.ArrayList modeList -> J
    android.widget.TextView copyrightTextView -> E
    java.util.ArrayList engineList -> H
    com.funny.translation.widget.LanguageRecyclerView rightSourceRv -> z
    long curBackTime -> T
    com.github.lzyzsd.circleprogress.CircleProgress translateProgress -> y
    com.billy.android.swipe.listener.SimpleSwipeListener swipeListener -> M
    java.util.ArrayList targetList -> G
    java.lang.String currentWord -> q
    android.support.v7.app.AlertDialog tipDialog -> W
com.funny.translation.MainActivity$1 -> com.funny.translation.MainActivity$h:
    com.funny.translation.MainActivity this$0 -> b
com.funny.translation.MainActivity$10 -> com.funny.translation.MainActivity$a:
    com.funny.translation.MainActivity this$0 -> b
com.funny.translation.MainActivity$11 -> com.funny.translation.MainActivity$b:
    com.funny.translation.MainActivity this$0 -> a
    void onSwipeProcess(com.billy.android.swipe.SmartSwipeWrapper,com.billy.android.swipe.SwipeConsumer,int,boolean,float) -> b
    void onSwipeOpened(com.billy.android.swipe.SmartSwipeWrapper,com.billy.android.swipe.SwipeConsumer,int) -> e
    void onSwipeClosed(com.billy.android.swipe.SmartSwipeWrapper,com.billy.android.swipe.SwipeConsumer,int) -> h
com.funny.translation.MainActivity$12 -> com.funny.translation.MainActivity$c:
    com.funny.translation.MainActivity this$0 -> b
...
android.support.v4.widget.ViewDragHelper -> android.support.v4.widget.r:
    int mEdgeSize -> o
    android.support.v4.widget.ViewDragHelper$Callback mCallback -> r
    int mPointersDown -> k
    android.view.VelocityTracker mVelocityTracker -> l
    android.view.ViewGroup mParentView -> u
    float[] mLastMotionY -> g
    java.lang.Runnable mSetIdleRunnable -> v
    float[] mInitialMotionY -> e
    float[] mLastMotionX -> f
    android.view.View mCapturedView -> s
    float[] mInitialMotionX -> d
    int mTouchSlop -> b
    int mActivePointerId -> c
    int mDragState -> a
    boolean mReleaseInProgress -> t
    android.widget.OverScroller mScroller -> q
    int[] mInitialEdgesTouched -> h
    int[] mEdgeDragsInProgress -> i
    android.view.animation.Interpolator sInterpolator -> w
    int[] mEdgeDragsLocked -> j
    float mMinVelocity -> n
    int mTrackingEdges -> p
    float mMaxVelocity -> m
    int getViewDragState() -> A
    boolean isCapturedViewUnder(int,int) -> B
    boolean isPointerDown(int) -> C
    boolean isValidPointerForActionMove(int) -> D
    boolean isViewUnder(android.view.View,int,int) -> E
    void processTouchEvent(android.view.MotionEvent) -> F
    void releaseViewForPointerUp() -> G
    void reportNewEdgeDrags(float,float,int) -> H
    void saveInitialMotion(float,float,int) -> I
    void saveLastMotion(android.view.MotionEvent) -> J
    void setDragState(int) -> K
    void setEdgeTrackingEnabled(int) -> L
    void setMinVelocity(float) -> M
android.support.v4.widget.ViewDragHelper$1 -> android.support.v4.widget.r$a:
android.support.v4.widget.ViewDragHelper$2 -> android.support.v4.widget.r$b:
    android.support.v4.widget.ViewDragHelper this$0 -> b
android.support.v4.widget.ViewDragHelper$Callback -> android.support.v4.widget.r$c:
    int clampViewPositionHorizontal(android.view.View,int,int) -> a
    int clampViewPositionVertical(android.view.View,int,int) -> b
    int getOrderedChildIndex(int) -> c
    int getViewHorizontalDragRange(android.view.View) -> d
    int getViewVerticalDragRange(android.view.View) -> e
    void onEdgeDragStarted(int,int) -> f
    boolean onEdgeLock(int) -> g
    void onEdgeTouched(int,int) -> h
    void onViewCaptured(android.view.View,int) -> i
    void onViewDragStateChanged(int) -> j
    void onViewPositionChanged(android.view.View,int,int,int,int) -> k
    void onViewReleased(android.view.View,float,float) -> l
    boolean tryCaptureView(android.view.View,int) -> m
android.support.v4.widget.ViewGroupUtils -> android.support.v4.widget.s:
    java.lang.ThreadLocal sMatrix -> a
    java.lang.ThreadLocal sRectF -> b
    void getDescendantRect(android.view.ViewGroup,android.view.View,android.graphics.Rect) -> a
    void offsetDescendantMatrix(android.view.ViewParent,android.view.View,android.graphics.Matrix) -> b
    void offsetDescendantRect(android.view.ViewGroup,android.view.View,android.graphics.Rect) -> c
android.support.v7.app.ActionBar -> android.support.v7.app.a:
    boolean closeOptionsMenu() -> g
    boolean collapseActionView() -> h
    void dispatchMenuVisibilityChanged(boolean) -> i
    int getDisplayOptions() -> j
    android.content.Context getThemedContext() -> k
    boolean invalidateOptionsMenu() -> l
    void onConfigurationChanged(android.content.res.Configuration) -> m
    void onDestroy() -> n
    boolean onKeyShortcut(int,android.view.KeyEvent) -> o
    boolean onMenuKeyEvent(android.view.KeyEvent) -> p
    boolean openOptionsMenu() -> q
    void setDefaultDisplayHomeAsUpEnabled(boolean) -> r
    void setDisplayHomeAsUpEnabled(boolean) -> s
    void setHomeButtonEnabled(boolean) -> t
    void setShowHideAnimationEnabled(boolean) -> u
    void setWindowTitle(java.lang.CharSequence) -> v
    android.support.v7.view.ActionMode startActionMode(android.support.v7.view.ActionMode$Callback) -> w
android.support.v7.app.ActionBar$LayoutParams -> android.support.v7.app.a$a:
    int gravity -> a