app/build/outputs/mapping/release/usage.txt
com.funny.translation.db.DBEnglishWords:
    private void insertOneWord(java.lang.String,com.funny.translation.db.DBEnglishWords$Word)
    public static final java.lang.String DB_NAME
    public static final java.lang.String TABLE_NAME
    private static final int MAX_WORDS
com.funny.translation.R$style
com.funny.translation.translation.FunnyGoogleApi:
    public void <init>()
    public static char charAt(java.lang.Object,int)
    public static void showArray(java.lang.String[][])
com.funny.translation.widget.LanguageAdapter:
    private boolean isNoneChecked()
    public void setOnClickItemListener(com.funny.translation.widget.LanguageAdapter$OnClickItemListener)
    private com.funny.translation.widget.LanguageAdapter$OnClickItemListener listener
com.funny.translation.R$dimen
com.funny.translation.utils.TimeUtil:
    public void <init>()
com.funny.translation.utils.OkHttpUtil:
    public void <init>()
com.funny.translation.R$layout
com.funny.translation.R$drawable
com.funny.translation.utils.HttpUtil$1
com.funny.translation.utils.StringUtil:
    public void <init>()
    public static java.lang.String HloveyRC4(java.lang.String,java.lang.String)
    public static short getLanguage(java.lang.String)
com.funny.translation.bean.DoubleMap
com.funny.translation.utils.AutoCompleteUtil:
    public void <init>()
com.funny.translation.utils.ApplicationUtil:
    public void <init>()
    public static java.lang.String getErrorMessage(java.lang.Throwable)
    public static int dp2px(android.content.Context,float)
    public static int sp2px(android.content.Context,float)
com.funny.translation.widget.ResultAdapter:
    public void update(java.util.ArrayList)
    public java.util.ArrayList getTasks()
    java.lang.String[][] results
com.funny.translation.utils.NetworkUtil:
    public void <init>()
    public static boolean isWifiConnected(android.content.Context)
    public static boolean isMobileConnected(android.content.Context)
    public static boolean isMobileDataEnabled(android.content.Context)
    public static int getConcreteNetworkType(android.content.Context)
    public static int getSimpleNetworkType(android.content.Context)
    public static final int NETWORK_TYPE_NONE
    public static final int NETWORK_TYPE_WIFI
    public static final int NETWORK_TYPE_2G
    public static final int NETWORK_TYPE_3G
    public static final int NETWORK_TYPE_4G
    public static final int NETWORK_TYPE_5G
com.funny.translation.widget.WordCompleteAdapter:
    public java.util.ArrayList getWords()
com.funny.translation.utils.FunnyBvToAv:
    public void <init>()
com.funny.translation.R$array
com.funny.translation.R$xml
com.funny.translation.utils.FunnyEachText:
    public void <init>()
com.funny.translation.BuildConfig
com.funny.translation.utils.FunnyBiggerText:
    public void <init>()
    private static final java.lang.String ENCODE
    private static final java.lang.String ZK16
com.funny.translation.R$menu
com.funny.translation.utils.GZIPUtil
com.funny.translation.translation.MD5:
    public void <init>()
    public static java.lang.String md5(java.io.File)
    public static java.lang.String md5(java.io.InputStream)
com.funny.translation.translation.BasicTranslationTask:
    private static final java.lang.String TAG
com.funny.translation.utils.BitmapUtil:
    public void <init>()
    public static android.graphics.Bitmap getSquareBitmap(android.graphics.Bitmap)
    public static android.graphics.Bitmap getHexagonBitmap(android.graphics.Bitmap)
com.funny.translation.translation.TranslationHelper:
    public static final short FLAG_TRANSLATING
    public static final short FLAG_FINISHED
com.funny.translation.utils.ClipBoardUtil:
    public void <init>()
    public static void clear(android.content.Context)
com.funny.translation.R
com.funny.translation.R$id
com.funny.translation.R$styleable:
    private void <init>()
...
kotlin.experimental.ExperimentalTypeInference
android.support.v7.widget.ViewBoundsCheck$ViewBounds
kotlin.ranges.ComparableRange
kotlin.collections.UShortIterator
android.support.v4.view.ViewPropertyAnimatorListenerAdapter:
    public void onAnimationEnd(android.view.View)
android.support.v4.app.FrameMetricsAggregator$FrameMetricsApi24Impl$1
android.support.v4.content.res.FontResourcesParserCompat$FetchStrategy
okhttp3.internal.platform.ConscryptPlatform$Companion:
    public static synthetic boolean atLeastVersion$default(okhttp3.internal.platform.ConscryptPlatform$Companion,int,int,int,int,java.lang.Object)
okhttp3.internal.ws.RealWebSocket$Message
android.support.coreui.R$drawable
android.support.v7.widget.SearchView$AutoCompleteTextViewReflector:
    private java.lang.reflect.Method showSoftInputUnchecked
kotlin.sequences.SequencesKt___SequencesKt$sorted$1
android.arch.core.R
android.support.swiperefreshlayout.R$style
okhttp3.MultipartBody$Companion
kotlin.collections.unsigned.UArraysKt___UArraysKt
kotlin.sequences.DropWhileSequence
kotlin.reflect.KClassesImplKt
kotlin.time.TimeSource$Companion
kotlin.coroutines.intrinsics.IntrinsicsKt__IntrinsicsJvmKt$createCoroutineFromSuspendFunction$2
com.billy.android.swipe.consumer.StayConsumer
kotlin.reflect.KCallable$DefaultImpls
kotlin.time.TimeSourceKt
android.support.v4.content.pm.ShortcutManagerCompat
kotlin.NoWhenBranchMatchedException
kotlin.text.MatchGroupCollection
kotlin.UnsafeVariance
okhttp3.Cookie:
    public static final okhttp3.Cookie parse(okhttp3.HttpUrl,java.lang.String)
    public static final java.util.List parseAll(okhttp3.HttpUrl,okhttp3.Headers)
    public final boolean matches(okhttp3.HttpUrl)
    public final java.lang.String -deprecated_name()
    public final java.lang.String -deprecated_value()
    public final boolean -deprecated_persistent()
    public final long -deprecated_expiresAt()
    public final boolean -deprecated_hostOnly()
    public final java.lang.String -deprecated_domain()
    public final java.lang.String -deprecated_path()
    public final boolean -deprecated_httpOnly()
    public final boolean -deprecated_secure()
    public final long expiresAt()
    public final java.lang.String domain()
    public final java.lang.String path()
    public final boolean secure()
    public final boolean httpOnly()
    public final boolean persistent()
    public final boolean hostOnly()
kotlin.jvm.internal.PropertyReference2
okio.-InflaterSourceExtensions
kotlin.time.Duration
kotlin.collections.builders.ListBuilder
kotlin.collections.MutableMapWithDefaultImpl
android.support.v7.widget.StaggeredGridLayoutManager$Span:
    public int findFirstVisibleItemPosition()
    public int findFirstCompletelyVisibleItemPosition()
    public int findLastVisibleItemPosition()
    public int findLastCompletelyVisibleItemPosition()
    int findOneVisibleChild(int,int,boolean)
    static final int INVALID_LINE
kotlin.collections.AbstractIterator
android.support.v4.content.AsyncTaskLoader
org.intellij.lang.annotations.JdkConstants$FontStyle
kotlin.collections.ArraysKt___ArraysKt$asIterable$$inlined$Iterable$8
android.support.v7.widget.ShareActionProvider
android.support.v4.text.util.LinkifyCompat$LinkSpec
kotlin.collections.AbstractMap
kotlin.time.DurationUnitKt__DurationUnitKt
kotlin.collections.ArraysKt___ArraysKt$withIndex$5
android.support.graphics.drawable.AnimatorInflaterCompat$PathDataEvaluator:
    void <init>(android.support.v4.graphics.PathParser$PathDataNode[])
com.billy.android.swipe.consumer.ShuttersConsumer$2
kotlin.jvm.functions.Function17
okio.PeekSource